  game.c
C:\Users\user\source\repos\C_Project\C_Project\game.c(1,1): warning C4828: 파일에 0x3a58 오프셋에서 시작하는 문자가 포함되어 있습니다. 이 문자는 현재 원본 문자 집합에서 잘못된 문자입니다(코드 페이지 949).
C:\Users\user\source\repos\C_Project\C_Project\game.c(7,7): error C2061: 구문 오류: 식별자 'enemy'
C:\Users\user\source\repos\C_Project\C_Project\game.c(7,7): error C2059: 구문 오류: ';'
C:\Users\user\source\repos\C_Project\C_Project\game.c(7,12): error C2059: 구문 오류: '['
C:\Users\user\source\repos\C_Project\C_Project\game.c(8,11): error C2061: 구문 오류: 식별자 'enemyBall'
C:\Users\user\source\repos\C_Project\C_Project\game.c(8,11): error C2059: 구문 오류: ';'
C:\Users\user\source\repos\C_Project\C_Project\game.c(8,20): error C2059: 구문 오류: '['
C:\Users\user\source\repos\C_Project\C_Project\game.c(29,11): warning C4244: '함수': 'time_t'에서 'unsigned int'(으)로 변환하면서 데이터가 손실될 수 있습니다.
C:\Users\user\source\repos\C_Project\C_Project\game.c(31,5): warning C4013: 'CursorView'이(가) 정의되지 않았습니다. extern은 int형을 반환하는 것으로 간주합니다.
C:\Users\user\source\repos\C_Project\C_Project\game.c(37,5): warning C4013: 'textcolor'이(가) 정의되지 않았습니다. extern은 int형을 반환하는 것으로 간주합니다.
C:\Users\user\source\repos\C_Project\C_Project\game.c(62,5): warning C4013: 'gotoxy'이(가) 정의되지 않았습니다. extern은 int형을 반환하는 것으로 간주합니다.
C:\Users\user\source\repos\C_Project\C_Project\game.c(185,13): warning C4477: 'scanf_s' : 서식 문자열 '%s'에 'unsigned int' 형식의 인수가 필요하지만 variadic 인수 2의 형식이 'size_t'입니다.
C:\Users\user\source\repos\C_Project\C_Project\game.c(185,13): message : 이 인수는 버퍼 크기로 사용됩니다.
C:\Users\user\source\repos\C_Project\C_Project\game.c(231,13): warning C4013: 'showEnemy'이(가) 정의되지 않았습니다. extern은 int형을 반환하는 것으로 간주합니다.
C:\Users\user\source\repos\C_Project\C_Project\game.c(232,13): warning C4013: 'moveEnemy'이(가) 정의되지 않았습니다. extern은 int형을 반환하는 것으로 간주합니다.
C:\Users\user\source\repos\C_Project\C_Project\game.c(233,13): warning C4013: 'showEnemyBall'이(가) 정의되지 않았습니다. extern은 int형을 반환하는 것으로 간주합니다.
C:\Users\user\source\repos\C_Project\C_Project\game.c(244,21): warning C4098: 'RoundOne': 'void' 함수에서 값을 반환하고 있습니다.
C:\Users\user\source\repos\C_Project\C_Project\game.c(370,6): error C2371: 'showEnemy': 재정의. 기본 형식이 다릅니다.
C:\Users\user\source\repos\C_Project\C_Project\game.c(376,42): error C2065: 'enemy': 선언되지 않은 식별자입니다.
C:\Users\user\source\repos\C_Project\C_Project\game.c(376,44): error C2109: 첨자는 배열 또는 포인터 형식을 사용해야 합니다.
C:\Users\user\source\repos\C_Project\C_Project\game.c(379,22): error C2065: 'enemy': 선언되지 않은 식별자입니다.
C:\Users\user\source\repos\C_Project\C_Project\game.c(379,24): error C2109: 첨자는 배열 또는 포인터 형식을 사용해야 합니다.
C:\Users\user\source\repos\C_Project\C_Project\game.c(380,22): error C2065: 'enemy': 선언되지 않은 식별자입니다.
C:\Users\user\source\repos\C_Project\C_Project\game.c(380,24): error C2109: 첨자는 배열 또는 포인터 형식을 사용해야 합니다.
C:\Users\user\source\repos\C_Project\C_Project\game.c(383,22): error C2065: 'enemy': 선언되지 않은 식별자입니다.
C:\Users\user\source\repos\C_Project\C_Project\game.c(383,24): error C2109: 첨자는 배열 또는 포인터 형식을 사용해야 합니다.
C:\Users\user\source\repos\C_Project\C_Project\game.c(384,22): error C2065: 'enemy': 선언되지 않은 식별자입니다.
C:\Users\user\source\repos\C_Project\C_Project\game.c(384,24): error C2109: 첨자는 배열 또는 포인터 형식을 사용해야 합니다.
C:\Users\user\source\repos\C_Project\C_Project\game.c(387,22): error C2065: 'enemy': 선언되지 않은 식별자입니다.
C:\Users\user\source\repos\C_Project\C_Project\game.c(387,24): error C2109: 첨자는 배열 또는 포인터 형식을 사용해야 합니다.
C:\Users\user\source\repos\C_Project\C_Project\game.c(388,29): error C2065: 'bFound': 선언되지 않은 식별자입니다.
C:\Users\user\source\repos\C_Project\C_Project\game.c(389,30): error C2065: 'enemy': 선언되지 않은 식별자입니다.
C:\Users\user\source\repos\C_Project\C_Project\game.c(389,32): error C2109: 첨자는 배열 또는 포인터 형식을 사용해야 합니다.
C:\Users\user\source\repos\C_Project\C_Project\game.c(389,56): error C2065: 'enemy': 선언되지 않은 식별자입니다.
C:\Users\user\source\repos\C_Project\C_Project\game.c(389,58): error C2109: 첨자는 배열 또는 포인터 형식을 사용해야 합니다.
C:\Users\user\source\repos\C_Project\C_Project\game.c(389,70): error C2065: 'enemy': 선언되지 않은 식별자입니다.
C:\Users\user\source\repos\C_Project\C_Project\game.c(389,72): error C2109: 첨자는 배열 또는 포인터 형식을 사용해야 합니다.
C:\Users\user\source\repos\C_Project\C_Project\game.c(390,32): error C2065: 'bFound': 선언되지 않은 식별자입니다.
C:\Users\user\source\repos\C_Project\C_Project\game.c(394,28): error C2065: 'bFound': 선언되지 않은 식별자입니다.
C:\Users\user\source\repos\C_Project\C_Project\game.c(398,18): error C2065: 'enemy': 선언되지 않은 식별자입니다.
C:\Users\user\source\repos\C_Project\C_Project\game.c(398,20): error C2109: 첨자는 배열 또는 포인터 형식을 사용해야 합니다.
C:\Users\user\source\repos\C_Project\C_Project\game.c(398,36): error C2065: 'enemy': 선언되지 않은 식별자입니다.
C:\Users\user\source\repos\C_Project\C_Project\game.c(398,38): error C2109: 첨자는 배열 또는 포인터 형식을 사용해야 합니다.
C:\Users\user\source\repos\C_Project\C_Project\game.c(399,18): error C2065: 'enemy': 선언되지 않은 식별자입니다.
C:\Users\user\source\repos\C_Project\C_Project\game.c(399,20): error C2109: 첨자는 배열 또는 포인터 형식을 사용해야 합니다.
C:\Users\user\source\repos\C_Project\C_Project\game.c(400,18): error C2065: 'enemy': 선언되지 않은 식별자입니다.
C:\Users\user\source\repos\C_Project\C_Project\game.c(400,20): error C2109: 첨자는 배열 또는 포인터 형식을 사용해야 합니다.
C:\Users\user\source\repos\C_Project\C_Project\game.c(401,13): warning C4013: 'getEnemyHealth'이(가) 정의되지 않았습니다. extern은 int형을 반환하는 것으로 간주합니다.
C:\Users\user\source\repos\C_Project\C_Project\game.c(405,6): error C2371: 'moveEnemy': 재정의. 기본 형식이 다릅니다.
C:\Users\user\source\repos\C_Project\C_Project\game.c(408,18): error C2065: 'enemy': 선언되지 않은 식별자입니다.
C:\Users\user\source\repos\C_Project\C_Project\game.c(408,20): error C2109: 첨자는 배열 또는 포인터 형식을 사용해야 합니다.
C:\Users\user\source\repos\C_Project\C_Project\game.c(409,20): error C2065: 'enemy': 선언되지 않은 식별자입니다.
C:\Users\user\source\repos\C_Project\C_Project\game.c(409,22): error C2109: 첨자는 배열 또는 포인터 형식을 사용해야 합니다.
C:\Users\user\source\repos\C_Project\C_Project\game.c(410,18): error C2065: 'enemy': 선언되지 않은 식별자입니다.
C:\Users\user\source\repos\C_Project\C_Project\game.c(410,20): error C2109: 첨자는 배열 또는 포인터 형식을 사용해야 합니다.
C:\Users\user\source\repos\C_Project\C_Project\game.c(410,35): error C2065: 'enemy': 선언되지 않은 식별자입니다.
C:\Users\user\source\repos\C_Project\C_Project\game.c(410,37): error C2109: 첨자는 배열 또는 포인터 형식을 사용해야 합니다.
C:\Users\user\source\repos\C_Project\C_Project\game.c(411,22): error C2065: 'enemy': 선언되지 않은 식별자입니다.
C:\Users\user\source\repos\C_Project\C_Project\game.c(411,24): error C2109: 첨자는 배열 또는 포인터 형식을 사용해야 합니다.
C:\Users\user\source\repos\C_Project\C_Project\game.c(411,41): error C2065: 'enemy': 선언되지 않은 식별자입니다.
C:\Users\user\source\repos\C_Project\C_Project\game.c(411,43): error C2109: 첨자는 배열 또는 포인터 형식을 사용해야 합니다.
C:\Users\user\source\repos\C_Project\C_Project\game.c(412,22): error C2065: 'enemy': 선언되지 않은 식별자입니다.
C:\Users\user\source\repos\C_Project\C_Project\game.c(412,24): error C2109: 첨자는 배열 또는 포인터 형식을 사용해야 합니다.
C:\Users\user\source\repos\C_Project\C_Project\game.c(413,29): error C2065: 'enemy': 선언되지 않은 식별자입니다.
C:\Users\user\source\repos\C_Project\C_Project\game.c(413,31): error C2109: 첨자는 배열 또는 포인터 형식을 사용해야 합니다.
C:\Users\user\source\repos\C_Project\C_Project\game.c(413,45): error C2065: 'enemy': 선언되지 않은 식별자입니다.
C:\Users\user\source\repos\C_Project\C_Project\game.c(413,47): error C2109: 첨자는 배열 또는 포인터 형식을 사용해야 합니다.
C:\Users\user\source\repos\C_Project\C_Project\game.c(417,22): error C2065: 'enemy': 선언되지 않은 식별자입니다.
C:\Users\user\source\repos\C_Project\C_Project\game.c(417,24): error C2109: 첨자는 배열 또는 포인터 형식을 사용해야 합니다.
C:\Users\user\source\repos\C_Project\C_Project\game.c(417,36): error C2065: 'enemy': 선언되지 않은 식별자입니다.
C:\Users\user\source\repos\C_Project\C_Project\game.c(417,38): error C2109: 첨자는 배열 또는 포인터 형식을 사용해야 합니다.
C:\Users\user\source\repos\C_Project\C_Project\game.c(418,26): error C2065: 'enemy': 선언되지 않은 식별자입니다.
C:\Users\user\source\repos\C_Project\C_Project\game.c(418,28): error C2109: 첨자는 배열 또는 포인터 형식을 사용해야 합니다.
C:\Users\user\source\repos\C_Project\C_Project\game.c(420,33): error C2065: 'enemy': 선언되지 않은 식별자입니다.
C:\Users\user\source\repos\C_Project\C_Project\game.c(420,35): error C2109: 첨자는 배열 또는 포인터 형식을 사용해야 합니다.
C:\Users\user\source\repos\C_Project\C_Project\game.c(420,45): error C2065: 'enemy': 선언되지 않은 식별자입니다.
C:\Users\user\source\repos\C_Project\C_Project\game.c(420,47): error C2109: 첨자는 배열 또는 포인터 형식을 사용해야 합니다.
C:\Users\user\source\repos\C_Project\C_Project\game.c(421,33): error C2065: 'arEnemy': 선언되지 않은 식별자입니다.
C:\Users\user\source\repos\C_Project\C_Project\game.c(421,39): error C2065: 'enemy': 선언되지 않은 식별자입니다.
C:\Users\user\source\repos\C_Project\C_Project\game.c(421,41): error C2109: 첨자는 배열 또는 포인터 형식을 사용해야 합니다.
C:\Users\user\source\repos\C_Project\C_Project\game.c(421,21): error C2198: 'puts': 호출에 인수가 너무 적습니다.
C:\Users\user\source\repos\C_Project\C_Project\game.c(424,31): error C2065: 'enemy': 선언되지 않은 식별자입니다.
C:\Users\user\source\repos\C_Project\C_Project\game.c(424,33): error C2109: 첨자는 배열 또는 포인터 형식을 사용해야 합니다.
C:\Users\user\source\repos\C_Project\C_Project\game.c(424,55): error C2065: 'enemy': 선언되지 않은 식별자입니다.
C:\Users\user\source\repos\C_Project\C_Project\game.c(424,57): error C2109: 첨자는 배열 또는 포인터 형식을 사용해야 합니다.
C:\Users\user\source\repos\C_Project\C_Project\game.c(426,33): error C2065: 'enemy': 선언되지 않은 식별자입니다.
C:\Users\user\source\repos\C_Project\C_Project\game.c(426,35): error C2109: 첨자는 배열 또는 포인터 형식을 사용해야 합니다.
C:\Users\user\source\repos\C_Project\C_Project\game.c(426,45): error C2065: 'enemy': 선언되지 않은 식별자입니다.
C:\Users\user\source\repos\C_Project\C_Project\game.c(426,47): error C2109: 첨자는 배열 또는 포인터 형식을 사용해야 합니다.
C:\Users\user\source\repos\C_Project\C_Project\game.c(427,33): error C2065: 'arEnemy': 선언되지 않은 식별자입니다.
C:\Users\user\source\repos\C_Project\C_Project\game.c(427,39): error C2065: 'enemy': 선언되지 않은 식별자입니다.
C:\Users\user\source\repos\C_Project\C_Project\game.c(427,41): error C2109: 첨자는 배열 또는 포인터 형식을 사용해야 합니다.
C:\Users\user\source\repos\C_Project\C_Project\game.c(427,21): error C2198: 'puts': 호출에 인수가 너무 적습니다.
C:\Users\user\source\repos\C_Project\C_Project\game.c(431,31): error C2065: 'enemy': 선언되지 않은 식별자입니다.
C:\Users\user\source\repos\C_Project\C_Project\game.c(431,33): error C2109: 첨자는 배열 또는 포인터 형식을 사용해야 합니다.
C:\Users\user\source\repos\C_Project\C_Project\game.c(431,55): error C2065: 'enemy': 선언되지 않은 식별자입니다.
C:\Users\user\source\repos\C_Project\C_Project\game.c(431,57): error C2109: 첨자는 배열 또는 포인터 형식을 사용해야 합니다.
C:\Users\user\source\repos\C_Project\C_Project\game.c(433,33): error C2065: 'enemy': 선언되지 않은 식별자입니다.
C:\Users\user\source\repos\C_Project\C_Project\game.c(433,35): error C2109: 첨자는 배열 또는 포인터 형식을 사용해야 합니다.
C:\Users\user\source\repos\C_Project\C_Project\game.c(433,45): error C2065: 'enemy': 선언되지 않은 식별자입니다.
C:\Users\user\source\repos\C_Project\C_Project\game.c(433,47): error C2109: 첨자는 배열 또는 포인터 형식을 사용해야 합니다.
C:\Users\user\source\repos\C_Project\C_Project\game.c(434,33): error C2065: 'arEnemy': 선언되지 않은 식별자입니다.
C:\Users\user\source\repos\C_Project\C_Project\game.c(434,39): error C2065: 'enemy': 선언되지 않은 식별자입니다.
C:\Users\user\source\repos\C_Project\C_Project\game.c(434,41): error C2109: 첨자는 배열 또는 포인터 형식을 사용해야 합니다.
C:\Users\user\source\repos\C_Project\C_Project\game.c(434,21): error C2198: 'puts': 호출에 인수가 너무 적습니다.
C:\Users\user\source\repos\C_Project\C_Project\game.c(445,14): error C2065: 'enemy': 선언되지 않은 식별자입니다.
C:\Users\user\source\repos\C_Project\C_Project\game.c(445,16): error C2109: 첨자는 배열 또는 포인터 형식을 사용해야 합니다.
C:\Users\user\source\repos\C_Project\C_Project\game.c(448,14): error C2065: 'enemy': 선언되지 않은 식별자입니다.
C:\Users\user\source\repos\C_Project\C_Project\game.c(448,16): error C2109: 첨자는 배열 또는 포인터 형식을 사용해야 합니다.
C:\Users\user\source\repos\C_Project\C_Project\game.c(451,14): error C2065: 'enemy': 선언되지 않은 식별자입니다.
C:\Users\user\source\repos\C_Project\C_Project\game.c(451,16): error C2109: 첨자는 배열 또는 포인터 형식을 사용해야 합니다.
C:\Users\user\source\repos\C_Project\C_Project\game.c(457,6): error C2371: 'showEnemyBall': 재정의. 기본 형식이 다릅니다.
C:\Users\user\source\repos\C_Project\C_Project\game.c(460,34): error C2065: 'MAXENEMYBALL': 선언되지 않은 식별자입니다.
C:\Users\user\source\repos\C_Project\C_Project\game.c(460,34): fatal  error C1003: 오류 수가 100개를 초과했습니다. 컴파일을 중지합니다.
  main.c
C:\Users\user\source\repos\C_Project\C_Project\main.c(7,5): warning C4013: 'mainPage'이(가) 정의되지 않았습니다. extern은 int형을 반환하는 것으로 간주합니다.
C:\Users\user\source\repos\C_Project\C_Project\main.c(8,5): warning C4013: 'gotoxy'이(가) 정의되지 않았습니다. extern은 int형을 반환하는 것으로 간주합니다.
C:\Users\user\source\repos\C_Project\C_Project\main.c(13,13): warning C4013: 'ShotingGame'이(가) 정의되지 않았습니다. extern은 int형을 반환하는 것으로 간주합니다.
C:\Users\user\source\repos\C_Project\C_Project\main.c(14,13): warning C4013: 'DisplayHighScores'이(가) 정의되지 않았습니다. extern은 int형을 반환하는 것으로 간주합니다.
  util.c
  코드를 생성하고 있습니다...
